Use of uninitialized value in concatenation (.) or string at /Users/mjm/miniconda3/bin/latexmk line 1209.
Rc files read:
  NONE
Latexmk: This is Latexmk, John Collins, 31 Jan. 2024. Version 4.83.
No existing .aux file, so I'll make a simple one, and require run of *latex.
Latexmk: applying rule 'pdflatex'...
Rule 'pdflatex':  Reasons for rerun
Category 'other':
  Rerun of 'pdflatex' forced or previously required:
    Reason or flag: 'Initial setup'

------------
Run number 1 of rule 'pdflatex'
------------
------------
Running 'pdflatex  -interaction=nonstopmode -recorder  "main.tex"'
------------
This is pdfTeX, Version 3.141592653-2.6-1.40.29 (TeX Live 2026) (preloaded format=pdflatex)
 restricted \write18 enabled.
entering extended mode
(./main.tex
LaTeX2e <2025-11-01>
L3 programming layer <2026-01-19>
(/usr/local/texlive/2026basic/texmf-dist/tex/latex/base/article.cls
Document Class: article 2025/01/22 v1.4n Standard LaTeX document class
(/usr/local/texlive/2026basic/texmf-dist/tex/latex/base/size10.clo))
(/usr/local/texlive/2026basic/texmf-dist/tex/latex/geometry/geometry.sty
(/usr/local/texlive/2026basic/texmf-dist/tex/latex/graphics/keyval.sty)
(/usr/local/texlive/2026basic/texmf-dist/tex/generic/iftex/ifvtex.sty
(/usr/local/texlive/2026basic/texmf-dist/tex/generic/iftex/iftex.sty)))
(/usr/local/texlive/2026basic/texmf-dist/tex/latex/amsmath/amsmath.sty
For additional information on amsmath, use the `?' option.
(/usr/local/texlive/2026basic/texmf-dist/tex/latex/amsmath/amstext.sty
(/usr/local/texlive/2026basic/texmf-dist/tex/latex/amsmath/amsgen.sty))
(/usr/local/texlive/2026basic/texmf-dist/tex/latex/amsmath/amsbsy.sty)
(/usr/local/texlive/2026basic/texmf-dist/tex/latex/amsmath/amsopn.sty))
(/usr/local/texlive/2026basic/texmf-dist/tex/latex/amsfonts/amssymb.sty
(/usr/local/texlive/2026basic/texmf-dist/tex/latex/amsfonts/amsfonts.sty))
(/usr/local/texlive/2026basic/texmf-dist/tex/latex/booktabs/booktabs.sty)
(/usr/local/texlive/2026basic/texmf-dist/tex/latex/graphics/graphicx.sty
(/usr/local/texlive/2026basic/texmf-dist/tex/latex/graphics/graphics.sty
(/usr/local/texlive/2026basic/texmf-dist/tex/latex/graphics/trig.sty)
(/usr/local/texlive/2026basic/texmf-dist/tex/latex/graphics-cfg/graphics.cfg)
(/usr/local/texlive/2026basic/texmf-dist/tex/latex/graphics-def/pdftex.def)))
(/usr/local/texlive/2026basic/texmf-dist/tex/latex/xcolor/xcolor.sty
(/usr/local/texlive/2026basic/texmf-dist/tex/latex/graphics-cfg/color.cfg)
(/usr/local/texlive/2026basic/texmf-dist/tex/latex/graphics/mathcolor.ltx))
(/usr/local/texlive/2026basic/texmf-dist/tex/latex/tools/xspace.sty)
(/usr/local/texlive/2026basic/texmf-dist/tex/latex/hyperref/hyperref.sty
(/usr/local/texlive/2026basic/texmf-dist/tex/latex/kvsetkeys/kvsetkeys.sty)
(/usr/local/texlive/2026basic/texmf-dist/tex/generic/kvdefinekeys/kvdefinekeys.
sty)
(/usr/local/texlive/2026basic/texmf-dist/tex/generic/pdfescape/pdfescape.sty
(/usr/local/texlive/2026basic/texmf-dist/tex/generic/ltxcmds/ltxcmds.sty)
(/usr/local/texlive/2026basic/texmf-dist/tex/generic/pdftexcmds/pdftexcmds.sty
(/usr/local/texlive/2026basic/texmf-dist/tex/generic/infwarerr/infwarerr.sty)))
 (/usr/local/texlive/2026basic/texmf-dist/tex/latex/hycolor/hycolor.sty)
(/usr/local/texlive/2026basic/texmf-dist/tex/latex/hyperref/nameref.sty
(/usr/local/texlive/2026basic/texmf-dist/tex/latex/refcount/refcount.sty)
(/usr/local/texlive/2026basic/texmf-dist/tex/generic/gettitlestring/gettitlestr
ing.sty
(/usr/local/texlive/2026basic/texmf-dist/tex/latex/kvoptions/kvoptions.sty)))
(/usr/local/texlive/2026basic/texmf-dist/tex/latex/etoolbox/etoolbox.sty)
(/usr/local/texlive/2026basic/texmf-dist/tex/generic/stringenc/stringenc.sty)
(/usr/local/texlive/2026basic/texmf-dist/tex/latex/hyperref/pd1enc.def)
(/usr/local/texlive/2026basic/texmf-dist/tex/generic/intcalc/intcalc.sty)
(/usr/local/texlive/2026basic/texmf-dist/tex/latex/hyperref/puenc.def)
(/usr/local/texlive/2026basic/texmf-dist/tex/latex/url/url.sty)
(/usr/local/texlive/2026basic/texmf-dist/tex/generic/bitset/bitset.sty
(/usr/local/texlive/2026basic/texmf-dist/tex/generic/bigintcalc/bigintcalc.sty)
)) (/usr/local/texlive/2026basic/texmf-dist/tex/latex/hyperref/hpdftex.def
(/usr/local/texlive/2026basic/texmf-dist/tex/latex/rerunfilecheck/rerunfilechec
k.sty
(/usr/local/texlive/2026basic/texmf-dist/tex/generic/uniquecounter/uniquecounte
r.sty)))
(/usr/local/texlive/2026basic/texmf-dist/tex/latex/microtype/microtype.sty
(/usr/local/texlive/2026basic/texmf-dist/tex/latex/microtype/microtype-pdftex.d
ef) (/usr/local/texlive/2026basic/texmf-dist/tex/latex/microtype/microtype.cfg)
) (/usr/local/texlive/2026basic/texmf-dist/tex/latex/base/fontenc.sty)
(/usr/local/texlive/2026basic/texmf-dist/tex/latex/lm/lmodern.sty)
(/usr/local/texlive/2026basic/texmf-dist/tex/latex/lm/t1lmr.fd)
(/usr/local/texlive/2026basic/texmf-dist/tex/latex/l3backend/l3backend-pdftex.d
ef) (./main.aux)
*geometry* driver: auto-detecting
*geometry* detected driver: pdftex
(/usr/local/texlive/2026basic/texmf-dist/tex/context/base/mkii/supp-pdf.mkii
[Loading MPS to PDF converter (version 2006.09.02).]
)
(/usr/local/texlive/2026basic/texmf-dist/tex/latex/epstopdf-pkg/epstopdf-base.s
ty
(/usr/local/texlive/2026basic/texmf-dist/tex/latex/latexconfig/epstopdf-sys.cfg
)) (/usr/local/texlive/2026basic/texmf-dist/tex/latex/microtype/mt-cmr.cfg)
(/usr/local/texlive/2026basic/texmf-dist/tex/latex/lm/ot1lmr.fd)
(/usr/local/texlive/2026basic/texmf-dist/tex/latex/lm/omllmm.fd)
(/usr/local/texlive/2026basic/texmf-dist/tex/latex/lm/omslmsy.fd)
(/usr/local/texlive/2026basic/texmf-dist/tex/latex/lm/omxlmex.fd)
(/usr/local/texlive/2026basic/texmf-dist/tex/latex/amsfonts/umsa.fd)
(/usr/local/texlive/2026basic/texmf-dist/tex/latex/microtype/mt-msa.cfg)
(/usr/local/texlive/2026basic/texmf-dist/tex/latex/amsfonts/umsb.fd)
(/usr/local/texlive/2026basic/texmf-dist/tex/latex/microtype/mt-msb.cfg)

LaTeX Warning: Reference `fig:overview' on page 1 undefined on input line 64.


LaTeX Warning: Reference `fig:overview' on page 1 undefined on input line 69.

(/usr/local/texlive/2026basic/texmf-dist/tex/latex/lm/t1lmtt.fd)

LaTeX Warning: Citation `ho2020denoising' on page 1 undefined on input line 75.



LaTeX Warning: Citation `kaplan2020scaling' on page 1 undefined on input line 7
9.


LaTeX Warning: Citation `zhang2024retrieval' on page 1 undefined on input line 
80.


LaTeX Warning: Reference `fig:benchmarks' on page 1 undefined on input line 87.



LaTeX Warning: Reference `fig:training' on page 1 undefined on input line 96.


LaTeX Warning: Reference `fig:scaling' on page 1 undefined on input line 105.


LaTeX Warning: Citation `kaplan2020scaling' on page 1 undefined on input line 1
13.

[1{/usr/local/texlive/2026basic/texmf-var/fonts/map/pdftex/updmap/pdftex.map}{/
usr/local/texlive/2026basic/texmf-dist/fonts/enc/dvips/lm/lm-ec.enc}{/usr/local
/texlive/2026basic/texmf-dist/fonts/enc/dvips/lm/lm-mathit.enc}{/usr/local/texl
ive/2026basic/texmf-dist/fonts/enc/dvips/lm/lm-rm.enc}{/usr/local/texlive/2026b
asic/texmf-dist/fonts/enc/dvips/lm/lm-mathsy.enc}]

LaTeX Warning: Reference `fig:overview' on page 2 undefined on input line 116.


LaTeX Font Warning: Font shape `T1/lmr/bx/sc' undefined
(Font)              using `T1/lmr/bx/n' instead on input line 139.

(./main.bbl) [2 <./fig01.pdf>] [3 <./fig02.pdf>] [4 <./fig03.pdf>] [5 <./fig04.
pdf>] (./main.aux)

LaTeX Font Warning: Some font shapes were not available, defaults substituted.


LaTeX Warning: There were undefined references.


LaTeX Warning: Label(s) may have changed. Rerun to get cross-references right.


Package rerunfilecheck Warning: File `main.out' has changed.
(rerunfilecheck)                Rerun to get outlines right
(rerunfilecheck)                or use package `bookmark'.

 )</usr/local/texlive/2026basic/texmf-dist/fonts/type1/public/lm/lmbx10.pfb></u
sr/local/texlive/2026basic/texmf-dist/fonts/type1/public/lm/lmbx12.pfb></usr/lo
cal/texlive/2026basic/texmf-dist/fonts/type1/public/lm/lmbx9.pfb></usr/local/te
xlive/2026basic/texmf-dist/fonts/type1/public/lm/lmcsc10.pfb></usr/local/texliv
e/2026basic/texmf-dist/fonts/type1/public/lm/lmmi10.pfb></usr/local/texlive/202
6basic/texmf-dist/fonts/type1/public/lm/lmmi9.pfb></usr/local/texlive/2026basic
/texmf-dist/fonts/type1/public/lm/lmr10.pfb></usr/local/texlive/2026basic/texmf
-dist/fonts/type1/public/lm/lmr12.pfb></usr/local/texlive/2026basic/texmf-dist/
fonts/type1/public/lm/lmr17.pfb></usr/local/texlive/2026basic/texmf-dist/fonts/
type1/public/lm/lmr6.pfb></usr/local/texlive/2026basic/texmf-dist/fonts/type1/p
ublic/lm/lmr7.pfb></usr/local/texlive/2026basic/texmf-dist/fonts/type1/public/l
m/lmr9.pfb></usr/local/texlive/2026basic/texmf-dist/fonts/type1/public/lm/lmri1
0.pfb></usr/local/texlive/2026basic/texmf-dist/fonts/type1/public/lm/lmsy10.pfb
></usr/local/texlive/2026basic/texmf-dist/fonts/type1/public/lm/lmtt10.pfb></us
r/local/texlive/2026basic/texmf-dist/fonts/type1/public/amsfonts/symbols/msam10
.pfb>
Output written on main.pdf (5 pages, 513567 bytes).
Transcript written on main.log.
Latexmk: Getting log file 'main.log'
Latexmk: Examining 'main.fls'
Latexmk: Examining 'main.log'
Latexmk: Found input bbl file 'main.bbl'
Latexmk: Found input bbl file 'main.bbl'
Latexmk: References changed.
Latexmk: References changed.
Latexmk: Log file says output to 'main.pdf'
Latexmk: Found bibliography file(s):
  ./references.bib
Latexmk: applying rule 'bibtex main'...
Rule 'bibtex main':  Reasons for rerun
Category 'other':
  Rerun of 'bibtex main' forced or previously required:
    Reason or flag: 'Initial set up of rule'

------------
Run number 1 of rule 'bibtex main'
------------
------------
Running 'bibtex  "main.aux"'
------------
This is BibTeX, Version 0.99e (TeX Live 2026)
The top-level auxiliary file: main.aux
The style file: plain.bst
Database file #1: references.bib
Latexmk: applying rule 'pdflatex'...
Rule 'pdflatex':  Reasons for rerun
Changed files or newly in use/created:
  main.aux
  main.out

------------
Run number 2 of rule 'pdflatex'
------------
------------
Running 'pdflatex  -interaction=nonstopmode -recorder  "main.tex"'
------------
This is pdfTeX, Version 3.141592653-2.6-1.40.29 (TeX Live 2026) (preloaded format=pdflatex)
 restricted \write18 enabled.
entering extended mode
(./main.tex
LaTeX2e <2025-11-01>
L3 programming layer <2026-01-19>
(/usr/local/texlive/2026basic/texmf-dist/tex/latex/base/article.cls
Document Class: article 2025/01/22 v1.4n Standard LaTeX document class
(/usr/local/texlive/2026basic/texmf-dist/tex/latex/base/size10.clo))
(/usr/local/texlive/2026basic/texmf-dist/tex/latex/geometry/geometry.sty
(/usr/local/texlive/2026basic/texmf-dist/tex/latex/graphics/keyval.sty)
(/usr/local/texlive/2026basic/texmf-dist/tex/generic/iftex/ifvtex.sty
(/usr/local/texlive/2026basic/texmf-dist/tex/generic/iftex/iftex.sty)))
(/usr/local/texlive/2026basic/texmf-dist/tex/latex/amsmath/amsmath.sty
For additional information on amsmath, use the `?' option.
(/usr/local/texlive/2026basic/texmf-dist/tex/latex/amsmath/amstext.sty
(/usr/local/texlive/2026basic/texmf-dist/tex/latex/amsmath/amsgen.sty))
(/usr/local/texlive/2026basic/texmf-dist/tex/latex/amsmath/amsbsy.sty)
(/usr/local/texlive/2026basic/texmf-dist/tex/latex/amsmath/amsopn.sty))
(/usr/local/texlive/2026basic/texmf-dist/tex/latex/amsfonts/amssymb.sty
(/usr/local/texlive/2026basic/texmf-dist/tex/latex/amsfonts/amsfonts.sty))
(/usr/local/texlive/2026basic/texmf-dist/tex/latex/booktabs/booktabs.sty)
(/usr/local/texlive/2026basic/texmf-dist/tex/latex/graphics/graphicx.sty
(/usr/local/texlive/2026basic/texmf-dist/tex/latex/graphics/graphics.sty
(/usr/local/texlive/2026basic/texmf-dist/tex/latex/graphics/trig.sty)
(/usr/local/texlive/2026basic/texmf-dist/tex/latex/graphics-cfg/graphics.cfg)
(/usr/local/texlive/2026basic/texmf-dist/tex/latex/graphics-def/pdftex.def)))
(/usr/local/texlive/2026basic/texmf-dist/tex/latex/xcolor/xcolor.sty
(/usr/local/texlive/2026basic/texmf-dist/tex/latex/graphics-cfg/color.cfg)
(/usr/local/texlive/2026basic/texmf-dist/tex/latex/graphics/mathcolor.ltx))
(/usr/local/texlive/2026basic/texmf-dist/tex/latex/tools/xspace.sty)
(/usr/local/texlive/2026basic/texmf-dist/tex/latex/hyperref/hyperref.sty
(/usr/local/texlive/2026basic/texmf-dist/tex/latex/kvsetkeys/kvsetkeys.sty)
(/usr/local/texlive/2026basic/texmf-dist/tex/generic/kvdefinekeys/kvdefinekeys.
sty)
(/usr/local/texlive/2026basic/texmf-dist/tex/generic/pdfescape/pdfescape.sty
(/usr/local/texlive/2026basic/texmf-dist/tex/generic/ltxcmds/ltxcmds.sty)
(/usr/local/texlive/2026basic/texmf-dist/tex/generic/pdftexcmds/pdftexcmds.sty
(/usr/local/texlive/2026basic/texmf-dist/tex/generic/infwarerr/infwarerr.sty)))
 (/usr/local/texlive/2026basic/texmf-dist/tex/latex/hycolor/hycolor.sty)
(/usr/local/texlive/2026basic/texmf-dist/tex/latex/hyperref/nameref.sty
(/usr/local/texlive/2026basic/texmf-dist/tex/latex/refcount/refcount.sty)
(/usr/local/texlive/2026basic/texmf-dist/tex/generic/gettitlestring/gettitlestr
ing.sty
(/usr/local/texlive/2026basic/texmf-dist/tex/latex/kvoptions/kvoptions.sty)))
(/usr/local/texlive/2026basic/texmf-dist/tex/latex/etoolbox/etoolbox.sty)
(/usr/local/texlive/2026basic/texmf-dist/tex/generic/stringenc/stringenc.sty)
(/usr/local/texlive/2026basic/texmf-dist/tex/latex/hyperref/pd1enc.def)
(/usr/local/texlive/2026basic/texmf-dist/tex/generic/intcalc/intcalc.sty)
(/usr/local/texlive/2026basic/texmf-dist/tex/latex/hyperref/puenc.def)
(/usr/local/texlive/2026basic/texmf-dist/tex/latex/url/url.sty)
(/usr/local/texlive/2026basic/texmf-dist/tex/generic/bitset/bitset.sty
(/usr/local/texlive/2026basic/texmf-dist/tex/generic/bigintcalc/bigintcalc.sty)
)) (/usr/local/texlive/2026basic/texmf-dist/tex/latex/hyperref/hpdftex.def
(/usr/local/texlive/2026basic/texmf-dist/tex/latex/rerunfilecheck/rerunfilechec
k.sty
(/usr/local/texlive/2026basic/texmf-dist/tex/generic/uniquecounter/uniquecounte
r.sty)))
(/usr/local/texlive/2026basic/texmf-dist/tex/latex/microtype/microtype.sty
(/usr/local/texlive/2026basic/texmf-dist/tex/latex/microtype/microtype-pdftex.d
ef) (/usr/local/texlive/2026basic/texmf-dist/tex/latex/microtype/microtype.cfg)
) (/usr/local/texlive/2026basic/texmf-dist/tex/latex/base/fontenc.sty)
(/usr/local/texlive/2026basic/texmf-dist/tex/latex/lm/lmodern.sty)
(/usr/local/texlive/2026basic/texmf-dist/tex/latex/lm/t1lmr.fd)
(/usr/local/texlive/2026basic/texmf-dist/tex/latex/l3backend/l3backend-pdftex.d
ef) (./main.aux)
*geometry* driver: auto-detecting
*geometry* detected driver: pdftex
(/usr/local/texlive/2026basic/texmf-dist/tex/context/base/mkii/supp-pdf.mkii
[Loading MPS to PDF converter (version 2006.09.02).]
)
(/usr/local/texlive/2026basic/texmf-dist/tex/latex/epstopdf-pkg/epstopdf-base.s
ty
(/usr/local/texlive/2026basic/texmf-dist/tex/latex/latexconfig/epstopdf-sys.cfg
)) (./main.out) (./main.out)
(/usr/local/texlive/2026basic/texmf-dist/tex/latex/microtype/mt-cmr.cfg)
(/usr/local/texlive/2026basic/texmf-dist/tex/latex/lm/ot1lmr.fd)
(/usr/local/texlive/2026basic/texmf-dist/tex/latex/lm/omllmm.fd)
(/usr/local/texlive/2026basic/texmf-dist/tex/latex/lm/omslmsy.fd)
(/usr/local/texlive/2026basic/texmf-dist/tex/latex/lm/omxlmex.fd)
(/usr/local/texlive/2026basic/texmf-dist/tex/latex/amsfonts/umsa.fd)
(/usr/local/texlive/2026basic/texmf-dist/tex/latex/microtype/mt-msa.cfg)
(/usr/local/texlive/2026basic/texmf-dist/tex/latex/amsfonts/umsb.fd)
(/usr/local/texlive/2026basic/texmf-dist/tex/latex/microtype/mt-msb.cfg)
(/usr/local/texlive/2026basic/texmf-dist/tex/latex/lm/t1lmtt.fd) [1{/usr/local/
texlive/2026basic/texmf-var/fonts/map/pdftex/updmap/pdftex.map}{/usr/local/texl
ive/2026basic/texmf-dist/fonts/enc/dvips/lm/lm-ec.enc}{/usr/local/texlive/2026b
asic/texmf-dist/fonts/enc/dvips/lm/lm-mathit.enc}{/usr/local/texlive/2026basic/
texmf-dist/fonts/enc/dvips/lm/lm-rm.enc}{/usr/local/texlive/2026basic/texmf-dis
t/fonts/enc/dvips/lm/lm-mathsy.enc}]

LaTeX Font Warning: Font shape `T1/lmr/bx/sc' undefined
(Font)              using `T1/lmr/bx/n' instead on input line 139.

(./main.bbl) [2 <./fig01.pdf>] [3 <./fig02.pdf>] [4 <./fig03.pdf>] [5 <./fig04.
pdf>] (./main.aux)

LaTeX Font Warning: Some font shapes were not available, defaults substituted.

 )</usr/local/texlive/2026basic/texmf-dist/fonts/type1/public/lm/lmbx10.pfb></u
sr/local/texlive/2026basic/texmf-dist/fonts/type1/public/lm/lmbx12.pfb></usr/lo
cal/texlive/2026basic/texmf-dist/fonts/type1/public/lm/lmbx9.pfb></usr/local/te
xlive/2026basic/texmf-dist/fonts/type1/public/lm/lmcsc10.pfb></usr/local/texliv
e/2026basic/texmf-dist/fonts/type1/public/lm/lmmi10.pfb></usr/local/texlive/202
6basic/texmf-dist/fonts/type1/public/lm/lmmi9.pfb></usr/local/texlive/2026basic
/texmf-dist/fonts/type1/public/lm/lmr10.pfb></usr/local/texlive/2026basic/texmf
-dist/fonts/type1/public/lm/lmr12.pfb></usr/local/texlive/2026basic/texmf-dist/
fonts/type1/public/lm/lmr17.pfb></usr/local/texlive/2026basic/texmf-dist/fonts/
type1/public/lm/lmr6.pfb></usr/local/texlive/2026basic/texmf-dist/fonts/type1/p
ublic/lm/lmr7.pfb></usr/local/texlive/2026basic/texmf-dist/fonts/type1/public/l
m/lmr9.pfb></usr/local/texlive/2026basic/texmf-dist/fonts/type1/public/lm/lmri1
0.pfb></usr/local/texlive/2026basic/texmf-dist/fonts/type1/public/lm/lmsy10.pfb
></usr/local/texlive/2026basic/texmf-dist/fonts/type1/public/lm/lmtt10.pfb></us
r/local/texlive/2026basic/texmf-dist/fonts/type1/public/amsfonts/symbols/msam10
.pfb>
Output written on main.pdf (5 pages, 513648 bytes).
Transcript written on main.log.
Latexmk: Getting log file 'main.log'
Latexmk: Examining 'main.fls'
Latexmk: Examining 'main.log'
Latexmk: Found input bbl file 'main.bbl'
Latexmk: Found input bbl file 'main.bbl'
Latexmk: Log file says output to 'main.pdf'
Latexmk: Found bibliography file(s):
  ./references.bib
Latexmk: All targets (main.pdf) are up-to-date

