[batch] 20260525T005626Z -- 6 cells to run, concurrency=3
[batch] START minionsos-v4/stacked-bar 00:56:26Z
[batch] START minionsos-v4/volcano 00:56:26Z
[batch] START minionsos-v4/network-graph 00:56:26Z
[run_cell] arm=minionsos-v4 fig=stacked-bar run_id=20260525T005626Z
[run_cell] arm=minionsos-v4 fig=volcano run_id=20260525T005626Z
[run_cell] workspace=/Users/mjm/MinionsOS/outline/ExperimentsOfMinionsos/FigureDraw4/sessions/minionsos-v4/stacked-bar/20260525T005626Z/workspace
[run_cell] workspace=/Users/mjm/MinionsOS/outline/ExperimentsOfMinionsos/FigureDraw4/sessions/minionsos-v4/volcano/20260525T005626Z/workspace
[run_cell] arm=minionsos-v4 fig=network-graph run_id=20260525T005626Z
[run_cell] workspace=/Users/mjm/MinionsOS/outline/ExperimentsOfMinionsos/FigureDraw4/sessions/minionsos-v4/network-graph/20260525T005626Z/workspace
[finalize] 20260525T005626Z: produced=['brief.md', 'caption.tex', 'data.json', 'figure.pdf', 'figure.png', 'figure.svg', 'gen_figure.py']
[run_cell] done -> /Users/mjm/MinionsOS/outline/ExperimentsOfMinionsos/FigureDraw4/sessions/minionsos-v4/network-graph/20260525T005626Z  exit=0
[batch] DONE  minionsos-v4/network-graph exit=0 00:57:58Z
[batch] START minionsos-v4/ridgeline 00:57:58Z
[run_cell] arm=minionsos-v4 fig=ridgeline run_id=20260525T005758Z
[run_cell] workspace=/Users/mjm/MinionsOS/outline/ExperimentsOfMinionsos/FigureDraw4/sessions/minionsos-v4/ridgeline/20260525T005758Z/workspace
[finalize] 20260525T005626Z: produced=['brief.md', 'caption.tex', 'data.json', 'figure.pdf', 'figure.png', 'figure.svg', 'gen_figure.py']
[run_cell] done -> /Users/mjm/MinionsOS/outline/ExperimentsOfMinionsos/FigureDraw4/sessions/minionsos-v4/stacked-bar/20260525T005626Z  exit=0
[batch] DONE  minionsos-v4/stacked-bar exit=0 00:58:02Z
[batch] START minionsos-v4/4panel-hero 00:58:02Z
[run_cell] arm=minionsos-v4 fig=4panel-hero run_id=20260525T005802Z
[run_cell] workspace=/Users/mjm/MinionsOS/outline/ExperimentsOfMinionsos/FigureDraw4/sessions/minionsos-v4/4panel-hero/20260525T005802Z/workspace
[finalize] 20260525T005626Z: produced=['brief.md', 'caption.tex', 'data.json', 'figure.pdf', 'figure.png', 'figure.svg', 'gen_figure.py']
[run_cell] done -> /Users/mjm/MinionsOS/outline/ExperimentsOfMinionsos/FigureDraw4/sessions/minionsos-v4/volcano/20260525T005626Z  exit=0
[batch] DONE  minionsos-v4/volcano exit=0 00:58:39Z
[batch] START minionsos-v4/sankey 00:58:39Z
[run_cell] arm=minionsos-v4 fig=sankey run_id=20260525T005839Z
[run_cell] workspace=/Users/mjm/MinionsOS/outline/ExperimentsOfMinionsos/FigureDraw4/sessions/minionsos-v4/sankey/20260525T005839Z/workspace
[finalize] 20260525T005758Z: produced=['brief.md', 'caption.tex', 'data.json', 'figure.pdf', 'figure.png', 'figure.svg', 'gen_figure.py']
[run_cell] done -> /Users/mjm/MinionsOS/outline/ExperimentsOfMinionsos/FigureDraw4/sessions/minionsos-v4/ridgeline/20260525T005758Z  exit=0
[batch] DONE  minionsos-v4/ridgeline exit=0 00:59:46Z
[finalize] 20260525T005802Z: produced=['brief.md', 'caption.tex', 'data.json', 'figure.pdf', 'figure.png', 'figure.svg', 'gen_figure.py']
[run_cell] done -> /Users/mjm/MinionsOS/outline/ExperimentsOfMinionsos/FigureDraw4/sessions/minionsos-v4/4panel-hero/20260525T005802Z  exit=0
[batch] DONE  minionsos-v4/4panel-hero exit=0 01:00:30Z
[finalize] 20260525T005839Z: produced=['brief.md', 'caption.tex', 'data.json', 'figure.pdf', 'figure.png', 'figure.svg', 'gen_figure.py']
[run_cell] done -> /Users/mjm/MinionsOS/outline/ExperimentsOfMinionsos/FigureDraw4/sessions/minionsos-v4/sankey/20260525T005839Z  exit=0
[batch] DONE  minionsos-v4/sankey exit=0 01:00:44Z
